type=>2	message=>Missing argument 1 for defaultController::loginAction(), called in C:\wamp\www\AntHill\app\tzKernel.php on line 154 and defined	file=>C:\wamp\www\AntHill\src\controllers\defaultController.php	line=>21	date=>2013-06-19 15:40:42
type=>2	message=>Missing argument 2 for defaultController::loginAction(), called in C:\wamp\www\AntHill\app\tzKernel.php on line 154 and defined	file=>C:\wamp\www\AntHill\src\controllers\defaultController.php	line=>21	date=>2013-06-19 15:40:42
type=>8	message=>Undefined variable: pwd	file=>C:\wamp\www\AntHill\src\controllers\defaultController.php	line=>24	date=>2013-06-19 15:40:42
type=>2	message=>PDOStatement::execute() [<a href='pdostatement.execute'>pdostatement.execute</a>]: SQLSTATE[42S02]: Base table or view not found: 1146 Table 'anthill.users' doesn't exist	file=>C:\wamp\www\AntHill\app\components\Auth\TzAuth.php	line=>31	date=>2013-06-19 15:40:42
type=>8	message=>Undefined variable: pwd	file=>C:\wamp\www\AntHill\src\controllers\defaultController.php	line=>24	date=>2013-06-19 15:41:20
type=>2	message=>PDOStatement::execute() [<a href='pdostatement.execute'>pdostatement.execute</a>]: SQLSTATE[42S02]: Base table or view not found: 1146 Table 'anthill.users' doesn't exist	file=>C:\wamp\www\AntHill\app\components\Auth\TzAuth.php	line=>31	date=>2013-06-19 15:41:20
type=>8	message=>Undefined index: login	file=>C:\wamp\www\AntHill\src\controllers\defaultController.php	line=>22	date=>2013-06-19 15:41:24
type=>8	message=>Undefined index: password	file=>C:\wamp\www\AntHill\src\controllers\defaultController.php	line=>23	date=>2013-06-19 15:41:24
type=>8	message=>Undefined variable: pwd	file=>C:\wamp\www\AntHill\src\controllers\defaultController.php	line=>24	date=>2013-06-19 15:41:24
type=>2	message=>PDOStatement::execute() [<a href='pdostatement.execute'>pdostatement.execute</a>]: SQLSTATE[42S02]: Base table or view not found: 1146 Table 'anthill.users' doesn't exist	file=>C:\wamp\www\AntHill\app\components\Auth\TzAuth.php	line=>31	date=>2013-06-19 15:41:24
type=>8	message=>Undefined variable: pwd	file=>C:\wamp\www\AntHill\src\controllers\defaultController.php	line=>24	date=>2013-06-19 15:41:35
type=>2	message=>PDOStatement::execute() [<a href='pdostatement.execute'>pdostatement.execute</a>]: SQLSTATE[42S02]: Base table or view not found: 1146 Table 'anthill.users' doesn't exist	file=>C:\wamp\www\AntHill\app\components\Auth\TzAuth.php	line=>31	date=>2013-06-19 15:41:35
type=>2	message=>PDOStatement::execute() [<a href='pdostatement.execute'>pdostatement.execute</a>]: SQLSTATE[42S02]: Base table or view not found: 1146 Table 'anthill.users' doesn't exist	file=>C:\wamp\www\AntHill\app\components\Auth\TzAuth.php	line=>31	date=>2013-06-19 15:41:57
type=>2	message=>PDOStatement::execute() [<a href='pdostatement.execute'>pdostatement.execute</a>]: SQLSTATE[42S02]: Base table or view not found: 1146 Table 'anthill.users' doesn't exist	file=>C:\wamp\www\AntHill\app\components\Auth\TzAuth.php	line=>31	date=>2013-06-19 15:42:01
type=>8	message=>Undefined index: login	file=>C:\wamp\www\AntHill\src\controllers\defaultController.php	line=>22	date=>2013-06-19 15:42:35
type=>8	message=>Undefined index: password	file=>C:\wamp\www\AntHill\src\controllers\defaultController.php	line=>23	date=>2013-06-19 15:42:35
type=>2	message=>PDOStatement::execute() [<a href='pdostatement.execute'>pdostatement.execute</a>]: SQLSTATE[42S22]: Column not found: 1054 Unknown column 'login' in 'where clause'	file=>C:\wamp\www\AntHill\app\components\Auth\TzAuth.php	line=>31	date=>2013-06-19 15:42:35
type=>2	message=>PDOStatement::execute() [<a href='pdostatement.execute'>pdostatement.execute</a>]: SQLSTATE[42S22]: Column not found: 1054 Unknown column 'login' in 'where clause'	file=>C:\wamp\www\AntHill\app\components\Auth\TzAuth.php	line=>31	date=>2013-06-19 15:42:59
type=>8	message=>Undefined index: login	file=>C:\wamp\www\AntHill\src\controllers\defaultController.php	line=>22	date=>2013-06-19 17:27:50
type=>8	message=>Undefined index: password	file=>C:\wamp\www\AntHill\src\controllers\defaultController.php	line=>23	date=>2013-06-19 17:27:50
type=>8	message=>Undefined index: login	file=>C:\wamp\www\AntHill\src\controllers\defaultController.php	line=>23	date=>2013-06-19 17:47:14
type=>8	message=>Undefined index: password	file=>C:\wamp\www\AntHill\src\controllers\defaultController.php	line=>24	date=>2013-06-19 17:47:14
type=>8	message=>Undefined index: login	file=>C:\wamp\www\AntHill\src\controllers\defaultController.php	line=>23	date=>2013-06-19 17:47:52
type=>8	message=>Undefined index: password	file=>C:\wamp\www\AntHill\src\controllers\defaultController.php	line=>24	date=>2013-06-19 17:47:52
type=>8	message=>Undefined index: login	file=>C:\wamp\www\AntHill\src\controllers\defaultController.php	line=>23	date=>2013-06-19 17:47:55
type=>8	message=>Undefined index: password	file=>C:\wamp\www\AntHill\src\controllers\defaultController.php	line=>24	date=>2013-06-19 17:47:55
